<?xml version="1.0" encoding="UTF-8"?>
<coverage generated="1632306256834" clover="3.2.0">
  <project timestamp="1632306256834" name="All files">
    <metrics statements="67" coveredstatements="61" conditionals="58" coveredconditionals="42" methods="14" coveredmethods="10" elements="139" coveredelements="113" complexity="0" loc="67" ncloc="67" packages="1" files="2" classes="2"/>
    <file name="chandu_cs_contact.ts" path="C:\Chandu\UnitTesting\Chandra\src\TypeScript\chandu_cs_contact.ts">
      <metrics statements="36" coveredstatements="33" conditionals="29" coveredconditionals="21" methods="7" coveredmethods="5"/>
      <line num="6" count="1" type="cond" truecount="4" falsecount="1"/>
      <line num="7" count="1" type="cond" truecount="1" falsecount="1"/>
      <line num="8" count="4" type="stmt"/>
      <line num="10" count="0" type="cond" truecount="0" falsecount="2"/>
      <line num="11" count="0" type="stmt"/>
      <line num="13" count="1" type="cond" truecount="4" falsecount="1"/>
      <line num="14" count="1" type="stmt"/>
      <line num="16" count="0" type="stmt"/>
      <line num="18" count="1" type="cond" truecount="3" falsecount="0"/>
      <line num="19" count="1" type="cond" truecount="3" falsecount="1"/>
      <line num="20" count="1" type="stmt"/>
      <line num="21" count="1" type="cond" truecount="4" falsecount="2"/>
      <line num="22" count="1" type="stmt"/>
      <line num="23" count="1" type="stmt"/>
      <line num="25" count="1" type="stmt"/>
      <line num="26" count="1" type="stmt"/>
      <line num="27" count="1" type="stmt"/>
      <line num="28" count="1" type="stmt"/>
      <line num="29" count="4" type="stmt"/>
      <line num="30" count="4" type="stmt"/>
      <line num="31" count="4" type="stmt"/>
      <line num="32" count="4" type="stmt"/>
      <line num="33" count="4" type="stmt"/>
      <line num="34" count="4" type="stmt"/>
      <line num="35" count="4" type="stmt"/>
      <line num="36" count="4" type="stmt"/>
      <line num="37" count="4" type="stmt"/>
      <line num="40" count="4" type="stmt"/>
      <line num="41" count="4" type="cond" truecount="2" falsecount="0"/>
      <line num="43" count="1" type="stmt"/>
      <line num="45" count="3" type="stmt"/>
      <line num="46" count="3" type="stmt"/>
      <line num="47" count="3" type="stmt"/>
      <line num="51" count="3" type="stmt"/>
      <line num="55" count="3" type="stmt"/>
      <line num="57" count="1" type="stmt"/>
    </file>
    <file name="sync_courses.ts" path="C:\Chandu\UnitTesting\Chandra\src\TypeScript\sync_courses.ts">
      <metrics statements="31" coveredstatements="28" conditionals="29" coveredconditionals="21" methods="7" coveredmethods="5"/>
      <line num="2" count="1" type="cond" truecount="4" falsecount="1"/>
      <line num="3" count="5" type="cond" truecount="1" falsecount="1"/>
      <line num="4" count="8" type="stmt"/>
      <line num="6" count="0" type="cond" truecount="0" falsecount="2"/>
      <line num="7" count="0" type="stmt"/>
      <line num="9" count="1" type="cond" truecount="4" falsecount="1"/>
      <line num="10" count="3" type="stmt"/>
      <line num="12" count="0" type="stmt"/>
      <line num="14" count="1" type="cond" truecount="3" falsecount="0"/>
      <line num="15" count="3" type="cond" truecount="3" falsecount="1"/>
      <line num="16" count="3" type="stmt"/>
      <line num="17" count="5" type="cond" truecount="4" falsecount="2"/>
      <line num="18" count="3" type="stmt"/>
      <line num="19" count="3" type="stmt"/>
      <line num="21" count="1" type="stmt"/>
      <line num="22" count="1" type="stmt"/>
      <line num="23" count="1" type="stmt"/>
      <line num="24" count="1" type="stmt"/>
      <line num="25" count="1" type="stmt"/>
      <line num="27" count="3" type="cond" truecount="2" falsecount="0"/>
      <line num="28" count="2" type="stmt"/>
      <line num="31" count="2" type="stmt"/>
      <line num="32" count="2" type="stmt"/>
      <line num="38" count="2" type="stmt"/>
      <line num="39" count="2" type="stmt"/>
      <line num="40" count="2" type="stmt"/>
      <line num="46" count="2" type="stmt"/>
      <line num="49" count="2" type="stmt"/>
      <line num="52" count="1" type="stmt"/>
      <line num="56" count="1" type="stmt"/>
      <line num="61" count="1" type="stmt"/>
    </file>
  </project>
</coverage>
