TN:
SF:src\TypeScript\chandu_cs_contact.ts
FN:6,(anonymous_0)
FN:8,(anonymous_1)
FN:9,(anonymous_2)
FN:13,(anonymous_3)
FN:15,(anonymous_4)
FN:18,(anonymous_5)
FN:28,(anonymous_6)
FNF:7
FNH:5
FNDA:1,(anonymous_0)
FNDA:4,(anonymous_1)
FNDA:0,(anonymous_2)
FNDA:1,(anonymous_3)
FNDA:0,(anonymous_4)
FNDA:1,(anonymous_5)
FNDA:4,(anonymous_6)
DA:6,1
DA:7,1
DA:8,4
DA:10,0
DA:11,0
DA:13,1
DA:14,1
DA:16,0
DA:18,1
DA:19,1
DA:20,1
DA:21,1
DA:22,1
DA:23,1
DA:25,1
DA:26,1
DA:27,1
DA:28,1
DA:29,4
DA:30,4
DA:31,4
DA:32,4
DA:33,4
DA:34,4
DA:35,4
DA:36,4
DA:37,4
DA:40,4
DA:41,4
DA:43,1
DA:45,3
DA:46,3
DA:47,3
DA:51,3
DA:55,3
DA:57,1
LF:36
LH:33
BRDA:6,0,0,1
BRDA:6,0,1,1
BRDA:6,0,2,1
BRDA:6,1,0,1
BRDA:6,1,1,0
BRDA:7,2,0,1
BRDA:7,2,1,0
BRDA:10,3,0,0
BRDA:10,3,1,0
BRDA:13,4,0,1
BRDA:13,4,1,1
BRDA:13,4,2,1
BRDA:13,5,0,1
BRDA:13,5,1,0
BRDA:18,6,0,1
BRDA:18,6,1,1
BRDA:18,6,2,1
BRDA:19,7,0,0
BRDA:19,7,1,1
BRDA:19,8,0,1
BRDA:19,8,1,1
BRDA:21,9,0,1
BRDA:21,9,1,0
BRDA:21,10,0,1
BRDA:21,10,1,0
BRDA:21,11,0,1
BRDA:21,11,1,1
BRDA:41,12,0,1
BRDA:41,12,1,3
BRF:29
BRH:21
end_of_record
TN:
SF:src\TypeScript\sync_courses.ts
FN:2,(anonymous_0)
FN:4,(anonymous_1)
FN:5,(anonymous_2)
FN:9,(anonymous_3)
FN:11,(anonymous_4)
FN:14,(anonymous_5)
FN:26,onRequest
FNF:7
FNH:5
FNDA:5,(anonymous_0)
FNDA:8,(anonymous_1)
FNDA:0,(anonymous_2)
FNDA:3,(anonymous_3)
FNDA:0,(anonymous_4)
FNDA:3,(anonymous_5)
FNDA:3,onRequest
DA:2,1
DA:3,5
DA:4,8
DA:6,0
DA:7,0
DA:9,1
DA:10,3
DA:12,0
DA:14,1
DA:15,3
DA:16,3
DA:17,5
DA:18,3
DA:19,3
DA:21,1
DA:22,1
DA:23,1
DA:24,1
DA:25,1
DA:27,3
DA:28,2
DA:31,2
DA:32,2
DA:38,2
DA:39,2
DA:40,2
DA:46,2
DA:49,2
DA:52,1
DA:56,1
DA:61,1
LF:31
LH:28
BRDA:2,0,0,1
BRDA:2,0,1,1
BRDA:2,0,2,1
BRDA:2,1,0,1
BRDA:2,1,1,0
BRDA:3,2,0,5
BRDA:3,2,1,0
BRDA:6,3,0,0
BRDA:6,3,1,0
BRDA:9,4,0,1
BRDA:9,4,1,1
BRDA:9,4,2,1
BRDA:9,5,0,1
BRDA:9,5,1,0
BRDA:14,6,0,1
BRDA:14,6,1,1
BRDA:14,6,2,1
BRDA:15,7,0,0
BRDA:15,7,1,3
BRDA:15,8,0,3
BRDA:15,8,1,3
BRDA:17,9,0,3
BRDA:17,9,1,0
BRDA:17,10,0,5
BRDA:17,10,1,0
BRDA:17,11,0,5
BRDA:17,11,1,5
BRDA:27,12,0,2
BRDA:27,12,1,1
BRF:29
BRH:21
end_of_record
